0 info it worked if it ends with ok
1 verbose cli [ 'C:\\Program Files\\nodejs\\node.exe',
1 verbose cli   'C:\\Program Files\\nodejs\\node_modules\\npm\\bin\\npm-cli.js',
1 verbose cli   'install',
1 verbose cli   '-g',
1 verbose cli   'less' ]
2 info using npm@3.10.10
3 info using node@v6.10.3
4 silly loadCurrentTree Starting
5 silly install loadCurrentTree
6 silly install readGlobalPackageData
7 silly fetchPackageMetaData less
8 silly fetchNamedPackageData less
9 silly mapToRegistry name less
10 silly mapToRegistry using default registry
11 silly mapToRegistry registry https://registry.npmjs.org/
12 silly mapToRegistry data Result {
12 silly mapToRegistry   raw: 'less',
12 silly mapToRegistry   scope: null,
12 silly mapToRegistry   escapedName: 'less',
12 silly mapToRegistry   name: 'less',
12 silly mapToRegistry   rawSpec: '',
12 silly mapToRegistry   spec: 'latest',
12 silly mapToRegistry   type: 'tag' }
13 silly mapToRegistry uri https://registry.npmjs.org/less
14 verbose request uri https://registry.npmjs.org/less
15 verbose request no auth needed
16 info attempt registry request try #1 at 15:23:06
17 verbose request id ddb20fe85c56a54d
18 http request GET https://registry.npmjs.org/less
19 http 200 https://registry.npmjs.org/less
20 verbose headers { server: 'nginx/1.10.1',
20 verbose headers   'content-type': 'application/json',
20 verbose headers   'last-modified': 'Mon, 22 May 2017 18:55:28 GMT',
20 verbose headers   etag: 'W/"59233420-1fdbf"',
20 verbose headers   'content-encoding': 'gzip',
20 verbose headers   'cache-control': 'max-age=300',
20 verbose headers   'content-length': '11980',
20 verbose headers   'accept-ranges': 'bytes',
20 verbose headers   date: 'Sat, 27 May 2017 07:24:26 GMT',
20 verbose headers   via: '1.1 varnish',
20 verbose headers   age: '38',
20 verbose headers   connection: 'keep-alive',
20 verbose headers   'x-served-by': 'cache-nrt6127-NRT',
20 verbose headers   'x-cache': 'HIT',
20 verbose headers   'x-cache-hits': '2',
20 verbose headers   'x-timer': 'S1495869867.621544,VS0,VE0',
20 verbose headers   vary: 'Accept-Encoding' }
21 silly get cb [ 200,
21 silly get   { server: 'nginx/1.10.1',
21 silly get     'content-type': 'application/json',
21 silly get     'last-modified': 'Mon, 22 May 2017 18:55:28 GMT',
21 silly get     etag: 'W/"59233420-1fdbf"',
21 silly get     'content-encoding': 'gzip',
21 silly get     'cache-control': 'max-age=300',
21 silly get     'content-length': '11980',
21 silly get     'accept-ranges': 'bytes',
21 silly get     date: 'Sat, 27 May 2017 07:24:26 GMT',
21 silly get     via: '1.1 varnish',
21 silly get     age: '38',
21 silly get     connection: 'keep-alive',
21 silly get     'x-served-by': 'cache-nrt6127-NRT',
21 silly get     'x-cache': 'HIT',
21 silly get     'x-cache-hits': '2',
21 silly get     'x-timer': 'S1495869867.621544,VS0,VE0',
21 silly get     vary: 'Accept-Encoding' } ]
22 verbose get saving less to C:\Users\Administrator\AppData\Roaming\npm-cache\registry.npmjs.org\less\.cache.json
23 verbose correctMkdir C:\Users\Administrator\AppData\Roaming\npm-cache correctMkdir not in flight; initializing
24 silly install normalizeTree
25 silly loadCurrentTree Finishing
26 silly loadIdealTree Starting
27 silly install loadIdealTree
28 silly cloneCurrentTree Starting
29 silly install cloneCurrentTreeToIdealTree
30 silly cloneCurrentTree Finishing
31 silly loadShrinkwrap Starting
32 silly install loadShrinkwrap
33 silly loadShrinkwrap Finishing
34 silly loadAllDepsIntoIdealTree Starting
35 silly install loadAllDepsIntoIdealTree
36 silly resolveWithNewModule less@2.7.2 checking installable status
37 silly cache add args [ 'less', null ]
38 verbose cache add spec less
39 silly cache add parsed spec Result {
39 silly cache add   raw: 'less',
39 silly cache add   scope: null,
39 silly cache add   escapedName: 'less',
39 silly cache add   name: 'less',
39 silly cache add   rawSpec: '',
39 silly cache add   spec: 'latest',
39 silly cache add   type: 'tag' }
40 silly addNamed less@latest
41 verbose addNamed "latest" is being treated as a dist-tag for less
42 info addNameTag [ 'less', 'latest' ]
43 silly mapToRegistry name less
44 silly mapToRegistry using default registry
45 silly mapToRegistry registry https://registry.npmjs.org/
46 silly mapToRegistry data Result {
46 silly mapToRegistry   raw: 'less',
46 silly mapToRegistry   scope: null,
46 silly mapToRegistry   escapedName: 'less',
46 silly mapToRegistry   name: 'less',
46 silly mapToRegistry   rawSpec: '',
46 silly mapToRegistry   spec: 'latest',
46 silly mapToRegistry   type: 'tag' }
47 silly mapToRegistry uri https://registry.npmjs.org/less
48 verbose addNameTag registry:https://registry.npmjs.org/less not in flight; fetching
49 verbose get https://registry.npmjs.org/less not expired, no request
50 silly addNameTag next cb for less with tag latest
51 silly addNamed less@2.7.2
52 verbose addNamed "2.7.2" is a plain semver version for less
53 silly mapToRegistry name less
54 silly mapToRegistry using default registry
55 silly mapToRegistry registry https://registry.npmjs.org/
56 silly mapToRegistry data Result {
56 silly mapToRegistry   raw: 'less',
56 silly mapToRegistry   scope: null,
56 silly mapToRegistry   escapedName: 'less',
56 silly mapToRegistry   name: 'less',
56 silly mapToRegistry   rawSpec: '',
56 silly mapToRegistry   spec: 'latest',
56 silly mapToRegistry   type: 'tag' }
57 silly mapToRegistry uri https://registry.npmjs.org/less
58 verbose addRemoteTarball https://registry.npmjs.org/less/-/less-2.7.2.tgz not in flight; adding
59 verbose addRemoteTarball [ 'https://registry.npmjs.org/less/-/less-2.7.2.tgz',
59 verbose addRemoteTarball   '368d6cc73e1fb03981183280918743c5dcf9b3df' ]
60 info retry fetch attempt 1 at 15:23:21
61 info attempt registry request try #1 at 15:23:21
62 http fetch GET https://registry.npmjs.org/less/-/less-2.7.2.tgz
63 http fetch 200 https://registry.npmjs.org/less/-/less-2.7.2.tgz
64 silly fetchAndShaCheck shasum 368d6cc73e1fb03981183280918743c5dcf9b3df
65 silly rollbackFailedOptional Starting
66 silly rollbackFailedOptional Finishing
67 silly runTopLevelLifecycles Finishing
68 silly install printInstalled
69 verbose stack Error: shasum check failed for C:\Users\ADMINI~1\AppData\Local\Temp\npm-14528-6a1d2b5f\registry.npmjs.org\less\-\less-2.7.2.tgz
69 verbose stack Expected: 368d6cc73e1fb03981183280918743c5dcf9b3df
69 verbose stack Actual:   e12b9d75969bcaa8430e30a8ac0bac887c5ccd4d
69 verbose stack From:     https://registry.npmjs.org/less/-/less-2.7.2.tgz
69 verbose stack     at C:\Program Files\nodejs\node_modules\npm\node_modules\sha\index.js:25:8
69 verbose stack     at ReadStream.<anonymous> (C:\Program Files\nodejs\node_modules\npm\node_modules\sha\index.js:72:7)
69 verbose stack     at emitNone (events.js:91:20)
69 verbose stack     at ReadStream.emit (events.js:185:7)
69 verbose stack     at endReadableNT (_stream_readable.js:974:12)
69 verbose stack     at _combinedTickCallback (internal/process/next_tick.js:80:11)
69 verbose stack     at process._tickCallback (internal/process/next_tick.js:104:9)
70 verbose cwd D:\HTML5\swiper
71 error Windows_NT 6.1.7601
72 error argv "C:\\Program Files\\nodejs\\node.exe" "C:\\Program Files\\nodejs\\node_modules\\npm\\bin\\npm-cli.js" "install" "-g" "less"
73 error node v6.10.3
74 error npm  v3.10.10
75 error shasum check failed for C:\Users\ADMINI~1\AppData\Local\Temp\npm-14528-6a1d2b5f\registry.npmjs.org\less\-\less-2.7.2.tgz
75 error Expected: 368d6cc73e1fb03981183280918743c5dcf9b3df
75 error Actual:   e12b9d75969bcaa8430e30a8ac0bac887c5ccd4d
75 error From:     https://registry.npmjs.org/less/-/less-2.7.2.tgz
76 error If you need help, you may report this error at:
76 error     <https://github.com/npm/npm/issues>
77 verbose exit [ 1, true ]
